<?xml version="1.0" encoding="UTF-8"?>
<!-- Generated by org.testng.reporters.JUnitReportReporter -->
<testsuite hostname="rdonthamsetti" name="com.prokarma.cicd.automation.SampleSauceIntegrationTest" tests="2" failures="0" timestamp="13 Jan 2016 19:28:58 GMT" time="19.501" errors="0">
  <testcase name="webDriver" time="7.268" classname="com.prokarma.cicd.automation.SampleSauceIntegrationTest"/>
  <testcase name="webDriver" time="12.233" classname="com.prokarma.cicd.automation.SampleSauceIntegrationTest"/>
</testsuite>
